<?xml version="1.0" encoding="UTF-8"?>
<testng-results skipped="0" failed="0" total="1" passed="1">
  <reporter-output>
  </reporter-output>
  <suite name="Default suite" duration-ms="10511" started-at="2019-04-14T14:23:14Z" finished-at="2019-04-14T14:23:24Z">
    <groups>
    </groups>
    <test name="Default test" duration-ms="10511" started-at="2019-04-14T14:23:14Z" finished-at="2019-04-14T14:23:24Z">
      <class name="TestJenkins.JenkinsDriver">
        <test-method status="PASS" signature="facebook()[pri:0, instance:TestJenkins.JenkinsDriver@20e2cbe0]" name="facebook" duration-ms="10489" started-at="2019-04-14T10:23:14Z" finished-at="2019-04-14T10:23:24Z">
          <reporter-output>
          </reporter-output>
        </test-method> <!-- facebook -->
      </class> <!-- TestJenkins.JenkinsDriver -->
    </test> <!-- Default test -->
  </suite> <!-- Default suite -->
</testng-results>
